[Fri Mar 20 08:01:25 EDT 2015] picard.analysis.CollectGcBiasMetrics REFERENCE_SEQUENCE=/dev/shm/slowikow/hg19.genome.fa INPUT=sample2.sorted.bam OUTPUT=sample2.sorted.gc_bias_metrics CHART_OUTPUT=sample2.sorted.gc_bias_metrics.pdf SUMMARY_OUTPUT=sample2.sorted.gc_bias_metrics_summary VALIDATION_STRINGENCY=LENIENT    WINDOW_SIZE=100 MINIMUM_GENOME_FRACTION=1.0E-5 ASSUME_SORTED=false IS_BISULFITE_SEQUENCED=false VERBOSITY=INFO QUIET=false COMPRESSION_LEVEL=5 MAX_RECORDS_IN_RAM=500000 CREATE_INDEX=false CREATE_MD5_FILE=false
[Fri Mar 20 08:01:25 EDT 2015] Executing as slowikow@lorax on Linux 2.6.18-194.8.1.el5 amd64; Java HotSpot(TM) 64-Bit Server VM 1.6.0_35-b10; Picard version: 1.126(4691ee611ac205d4afe2a1b7a2ea975a6f997426_1417447214) IntelDeflater
INFO	2015-03-20 08:01:25	CollectGcBiasMetrics	Processed reference sequence: chrM
INFO	2015-03-20 08:01:32	CollectGcBiasMetrics	Processed reference sequence: chr1
INFO	2015-03-20 08:01:40	CollectGcBiasMetrics	Processed reference sequence: chr2
INFO	2015-03-20 08:01:45	CollectGcBiasMetrics	Processed reference sequence: chr3
INFO	2015-03-20 08:01:51	CollectGcBiasMetrics	Processed reference sequence: chr4
INFO	2015-03-20 08:01:56	CollectGcBiasMetrics	Processed reference sequence: chr5
INFO	2015-03-20 08:02:01	CollectGcBiasMetrics	Processed reference sequence: chr6
INFO	2015-03-20 08:02:05	CollectGcBiasMetrics	Processed reference sequence: chr7
INFO	2015-03-20 08:02:09	CollectGcBiasMetrics	Processed reference sequence: chr8
INFO	2015-03-20 08:02:13	CollectGcBiasMetrics	Processed reference sequence: chr9
INFO	2015-03-20 08:02:17	CollectGcBiasMetrics	Processed reference sequence: chr10
INFO	2015-03-20 08:02:21	CollectGcBiasMetrics	Processed reference sequence: chr11
INFO	2015-03-20 08:02:25	CollectGcBiasMetrics	Processed reference sequence: chr12
INFO	2015-03-20 08:02:28	CollectGcBiasMetrics	Processed reference sequence: chr13
INFO	2015-03-20 08:02:30	CollectGcBiasMetrics	Processed reference sequence: chr14
INFO	2015-03-20 08:02:33	CollectGcBiasMetrics	Processed reference sequence: chr15
INFO	2015-03-20 08:02:36	CollectGcBiasMetrics	Processed reference sequence: chr16
INFO	2015-03-20 08:02:38	CollectGcBiasMetrics	Processed reference sequence: chr17
INFO	2015-03-20 08:02:40	CollectGcBiasMetrics	Processed reference sequence: chr18
INFO	2015-03-20 08:02:42	CollectGcBiasMetrics	Processed reference sequence: chr19
INFO	2015-03-20 08:02:43	CollectGcBiasMetrics	Processed reference sequence: chr20
INFO	2015-03-20 08:02:44	CollectGcBiasMetrics	Processed reference sequence: chr21
INFO	2015-03-20 08:02:46	CollectGcBiasMetrics	Processed reference sequence: chr22
INFO	2015-03-20 08:02:50	CollectGcBiasMetrics	Processed reference sequence: chrX
INFO	2015-03-20 08:02:51	CollectGcBiasMetrics	Processed reference sequence: chrY
INFO	2015-03-20 08:02:51	RExecutor	Executing R script via command: Rscript /tmp/slowikow/script5720852833327484479.R /medpop/srlab/slowikow/work/picardmetrics/data/project1/sample2/picardmetrics/sample2.sorted.gc_bias_metrics /medpop/srlab/slowikow/work/picardmetrics/data/project1/sample2/picardmetrics/sample2.sorted.gc_bias_metrics.pdf sample2.sorted.bam Total clusters: 4,954, Aligned reads: 6,567 100
ERROR	2015-03-20 08:02:52	ProcessExecutor	Bioconductor version 3.0 (BiocInstaller 1.16.2), ?biocLite for help
ERROR	2015-03-20 08:02:52	ProcessExecutor	There were 33 warnings (use warnings() to see them)
INFO	2015-03-20 08:02:52	ProcessExecutor	null device 
INFO	2015-03-20 08:02:52	ProcessExecutor	          1 
[Fri Mar 20 08:02:52 EDT 2015] picard.analysis.CollectGcBiasMetrics done. Elapsed time: 1.44 minutes.
Runtime.totalMemory()=5001248768
