[Tue Jun 07 15:08:37 EDT 2016] picard.analysis.CollectGcBiasMetrics REFERENCE_SEQUENCE=/data/srlab/external-data/iGenomes/Homo_sapiens/UCSC/hg19/Sequence/WholeGenomeFasta/genome.fa INPUT=/tmp/picardmetrics_ks38_16231/PHShome/ks38/src/picardmetrics/data/project1/sample2/sample2.bam OUTPUT=sample2.gc_bias_histogram CHART_OUTPUT=sample2.gc_bias_histogram.pdf SUMMARY_OUTPUT=sample2.gc_bias_metrics TMP_DIR=[/tmp/picardmetrics_ks38_16231/PHShome/ks38/src/picardmetrics/data/project1/sample2] VALIDATION_STRINGENCY=LENIENT    WINDOW_SIZE=100 MINIMUM_GENOME_FRACTION=1.0E-5 ASSUME_SORTED=false IS_BISULFITE_SEQUENCED=false VERBOSITY=INFO QUIET=false COMPRESSION_LEVEL=5 MAX_RECORDS_IN_RAM=500000 CREATE_INDEX=false CREATE_MD5_FILE=false
[Tue Jun 07 15:08:37 EDT 2016] Executing as ks38@cn010.research.partners.org on Linux 2.6.32-431.29.2.el6.x86_64 amd64; Java HotSpot(TM) 64-Bit Server VM 1.6.0_35-b10; Picard version: 1.126(4691ee611ac205d4afe2a1b7a2ea975a6f997426_1417447214) IntelDeflater
INFO	2016-06-07 15:08:37	CollectGcBiasMetrics	Processed reference sequence: chrM
INFO	2016-06-07 15:08:40	CollectGcBiasMetrics	Processed reference sequence: chr1
INFO	2016-06-07 15:08:43	CollectGcBiasMetrics	Processed reference sequence: chr2
INFO	2016-06-07 15:08:46	CollectGcBiasMetrics	Processed reference sequence: chr3
INFO	2016-06-07 15:08:48	CollectGcBiasMetrics	Processed reference sequence: chr4
INFO	2016-06-07 15:08:50	CollectGcBiasMetrics	Processed reference sequence: chr5
INFO	2016-06-07 15:08:53	CollectGcBiasMetrics	Processed reference sequence: chr6
INFO	2016-06-07 15:08:55	CollectGcBiasMetrics	Processed reference sequence: chr7
INFO	2016-06-07 15:08:57	CollectGcBiasMetrics	Processed reference sequence: chr8
INFO	2016-06-07 15:08:58	CollectGcBiasMetrics	Processed reference sequence: chr9
INFO	2016-06-07 15:09:00	CollectGcBiasMetrics	Processed reference sequence: chr10
INFO	2016-06-07 15:09:02	CollectGcBiasMetrics	Processed reference sequence: chr11
INFO	2016-06-07 15:09:03	CollectGcBiasMetrics	Processed reference sequence: chr12
INFO	2016-06-07 15:09:05	CollectGcBiasMetrics	Processed reference sequence: chr13
INFO	2016-06-07 15:09:06	CollectGcBiasMetrics	Processed reference sequence: chr14
INFO	2016-06-07 15:09:07	CollectGcBiasMetrics	Processed reference sequence: chr15
INFO	2016-06-07 15:09:08	CollectGcBiasMetrics	Processed reference sequence: chr16
INFO	2016-06-07 15:09:09	CollectGcBiasMetrics	Processed reference sequence: chr17
INFO	2016-06-07 15:09:10	CollectGcBiasMetrics	Processed reference sequence: chr18
INFO	2016-06-07 15:09:11	CollectGcBiasMetrics	Processed reference sequence: chr19
INFO	2016-06-07 15:09:12	CollectGcBiasMetrics	Processed reference sequence: chr20
INFO	2016-06-07 15:09:13	CollectGcBiasMetrics	Processed reference sequence: chr21
INFO	2016-06-07 15:09:13	CollectGcBiasMetrics	Processed reference sequence: chr22
INFO	2016-06-07 15:09:15	CollectGcBiasMetrics	Processed reference sequence: chrX
INFO	2016-06-07 15:09:16	CollectGcBiasMetrics	Processed reference sequence: chrY
INFO	2016-06-07 15:09:16	RExecutor	Executing R script via command: Rscript /tmp/picardmetrics_ks38_16231/PHShome/ks38/src/picardmetrics/data/project1/sample2/script3658689662567138315.R /data/srlab/slowikow/src/picardmetrics/out/default/sample2.gc_bias_histogram /data/srlab/slowikow/src/picardmetrics/out/default/sample2.gc_bias_histogram.pdf sample2.bam Total clusters: 4,954, Aligned reads: 6,567 100
INFO	2016-06-07 15:09:16	ProcessExecutor	WARNING: ignoring environment value of R_HOME
ERROR	2016-06-07 15:09:16	ProcessExecutor	There were 33 warnings (use warnings() to see them)
INFO	2016-06-07 15:09:16	ProcessExecutor	null device 
INFO	2016-06-07 15:09:16	ProcessExecutor	          1 
[Tue Jun 07 15:09:16 EDT 2016] picard.analysis.CollectGcBiasMetrics done. Elapsed time: 0.65 minutes.
Runtime.totalMemory()=5145034752
