[Thu Apr 09 11:23:15 EDT 2015] picard.analysis.CollectGcBiasMetrics REFERENCE_SEQUENCE=/dev/shm/slowikow/hg19.genome.fa INPUT=sample1.bam OUTPUT=sample1.gc_bias_metrics CHART_OUTPUT=sample1.gc_bias_metrics.pdf SUMMARY_OUTPUT=sample1.gc_bias_metrics_summary VALIDATION_STRINGENCY=LENIENT    WINDOW_SIZE=100 MINIMUM_GENOME_FRACTION=1.0E-5 ASSUME_SORTED=false IS_BISULFITE_SEQUENCED=false VERBOSITY=INFO QUIET=false COMPRESSION_LEVEL=5 MAX_RECORDS_IN_RAM=500000 CREATE_INDEX=false CREATE_MD5_FILE=false
[Thu Apr 09 11:23:15 EDT 2015] Executing as slowikow@lorax on Linux 2.6.18-194.8.1.el5 amd64; OpenJDK 64-Bit Server VM 1.6.0_0-b16; Picard version: 1.126(4691ee611ac205d4afe2a1b7a2ea975a6f997426_1417447214) IntelDeflater
INFO	2015-04-09 11:23:15	CollectGcBiasMetrics	Processed reference sequence: chrM
INFO	2015-04-09 11:23:24	CollectGcBiasMetrics	Processed reference sequence: chr1
INFO	2015-04-09 11:23:32	CollectGcBiasMetrics	Processed reference sequence: chr2
INFO	2015-04-09 11:23:38	CollectGcBiasMetrics	Processed reference sequence: chr3
INFO	2015-04-09 11:23:44	CollectGcBiasMetrics	Processed reference sequence: chr4
INFO	2015-04-09 11:23:50	CollectGcBiasMetrics	Processed reference sequence: chr5
INFO	2015-04-09 11:23:55	CollectGcBiasMetrics	Processed reference sequence: chr6
INFO	2015-04-09 11:24:00	CollectGcBiasMetrics	Processed reference sequence: chr7
INFO	2015-04-09 11:24:05	CollectGcBiasMetrics	Processed reference sequence: chr8
INFO	2015-04-09 11:24:09	CollectGcBiasMetrics	Processed reference sequence: chr9
INFO	2015-04-09 11:24:13	CollectGcBiasMetrics	Processed reference sequence: chr10
INFO	2015-04-09 11:24:17	CollectGcBiasMetrics	Processed reference sequence: chr11
INFO	2015-04-09 11:24:22	CollectGcBiasMetrics	Processed reference sequence: chr12
INFO	2015-04-09 11:24:25	CollectGcBiasMetrics	Processed reference sequence: chr13
INFO	2015-04-09 11:24:28	CollectGcBiasMetrics	Processed reference sequence: chr14
INFO	2015-04-09 11:24:31	CollectGcBiasMetrics	Processed reference sequence: chr15
INFO	2015-04-09 11:24:34	CollectGcBiasMetrics	Processed reference sequence: chr16
INFO	2015-04-09 11:24:36	CollectGcBiasMetrics	Processed reference sequence: chr17
INFO	2015-04-09 11:24:39	CollectGcBiasMetrics	Processed reference sequence: chr18
INFO	2015-04-09 11:24:41	CollectGcBiasMetrics	Processed reference sequence: chr19
INFO	2015-04-09 11:24:43	CollectGcBiasMetrics	Processed reference sequence: chr20
INFO	2015-04-09 11:24:44	CollectGcBiasMetrics	Processed reference sequence: chr21
INFO	2015-04-09 11:24:45	CollectGcBiasMetrics	Processed reference sequence: chr22
INFO	2015-04-09 11:24:50	CollectGcBiasMetrics	Processed reference sequence: chrX
INFO	2015-04-09 11:24:52	CollectGcBiasMetrics	Processed reference sequence: chrY
INFO	2015-04-09 11:24:52	RExecutor	Executing R script via command: Rscript /tmp/slowikow/script1670131830005034736.R /medpop/srlab/slowikow/work/picardmetrics/out/sample1.gc_bias_metrics /medpop/srlab/slowikow/work/picardmetrics/out/sample1.gc_bias_metrics.pdf sample1.bam Total clusters: 4,966, Aligned reads: 6,936 100
ERROR	2015-04-09 11:24:52	ProcessExecutor	There were 37 warnings (use warnings() to see them)
INFO	2015-04-09 11:24:52	ProcessExecutor	null device 
INFO	2015-04-09 11:24:52	ProcessExecutor	          1 
[Thu Apr 09 11:24:52 EDT 2015] picard.analysis.CollectGcBiasMetrics done. Elapsed time: 1.62 minutes.
Runtime.totalMemory()=5001379840
