[Thu Apr 09 11:26:20 EDT 2015] picard.analysis.CollectGcBiasMetrics REFERENCE_SEQUENCE=/dev/shm/slowikow/hg19.genome.fa INPUT=sample2.bam OUTPUT=sample2.gc_bias_metrics CHART_OUTPUT=sample2.gc_bias_metrics.pdf SUMMARY_OUTPUT=sample2.gc_bias_metrics_summary VALIDATION_STRINGENCY=LENIENT    WINDOW_SIZE=100 MINIMUM_GENOME_FRACTION=1.0E-5 ASSUME_SORTED=false IS_BISULFITE_SEQUENCED=false VERBOSITY=INFO QUIET=false COMPRESSION_LEVEL=5 MAX_RECORDS_IN_RAM=500000 CREATE_INDEX=false CREATE_MD5_FILE=false
[Thu Apr 09 11:26:20 EDT 2015] Executing as slowikow@lorax on Linux 2.6.18-194.8.1.el5 amd64; OpenJDK 64-Bit Server VM 1.6.0_0-b16; Picard version: 1.126(4691ee611ac205d4afe2a1b7a2ea975a6f997426_1417447214) IntelDeflater
INFO	2015-04-09 11:26:20	CollectGcBiasMetrics	Processed reference sequence: chrM
INFO	2015-04-09 11:26:29	CollectGcBiasMetrics	Processed reference sequence: chr1
INFO	2015-04-09 11:26:37	CollectGcBiasMetrics	Processed reference sequence: chr2
INFO	2015-04-09 11:26:43	CollectGcBiasMetrics	Processed reference sequence: chr3
INFO	2015-04-09 11:26:49	CollectGcBiasMetrics	Processed reference sequence: chr4
INFO	2015-04-09 11:26:54	CollectGcBiasMetrics	Processed reference sequence: chr5
INFO	2015-04-09 11:27:00	CollectGcBiasMetrics	Processed reference sequence: chr6
INFO	2015-04-09 11:27:05	CollectGcBiasMetrics	Processed reference sequence: chr7
INFO	2015-04-09 11:27:09	CollectGcBiasMetrics	Processed reference sequence: chr8
INFO	2015-04-09 11:27:14	CollectGcBiasMetrics	Processed reference sequence: chr9
INFO	2015-04-09 11:27:18	CollectGcBiasMetrics	Processed reference sequence: chr10
INFO	2015-04-09 11:27:22	CollectGcBiasMetrics	Processed reference sequence: chr11
INFO	2015-04-09 11:27:26	CollectGcBiasMetrics	Processed reference sequence: chr12
INFO	2015-04-09 11:27:30	CollectGcBiasMetrics	Processed reference sequence: chr13
INFO	2015-04-09 11:27:33	CollectGcBiasMetrics	Processed reference sequence: chr14
INFO	2015-04-09 11:27:36	CollectGcBiasMetrics	Processed reference sequence: chr15
INFO	2015-04-09 11:27:38	CollectGcBiasMetrics	Processed reference sequence: chr16
INFO	2015-04-09 11:27:41	CollectGcBiasMetrics	Processed reference sequence: chr17
INFO	2015-04-09 11:27:43	CollectGcBiasMetrics	Processed reference sequence: chr18
INFO	2015-04-09 11:27:45	CollectGcBiasMetrics	Processed reference sequence: chr19
INFO	2015-04-09 11:27:47	CollectGcBiasMetrics	Processed reference sequence: chr20
INFO	2015-04-09 11:27:48	CollectGcBiasMetrics	Processed reference sequence: chr21
INFO	2015-04-09 11:27:50	CollectGcBiasMetrics	Processed reference sequence: chr22
INFO	2015-04-09 11:27:54	CollectGcBiasMetrics	Processed reference sequence: chrX
INFO	2015-04-09 11:27:56	CollectGcBiasMetrics	Processed reference sequence: chrY
INFO	2015-04-09 11:27:56	RExecutor	Executing R script via command: Rscript /tmp/slowikow/script1238026203887839874.R /medpop/srlab/slowikow/work/picardmetrics/out/sample2.gc_bias_metrics /medpop/srlab/slowikow/work/picardmetrics/out/sample2.gc_bias_metrics.pdf sample2.bam Total clusters: 4,954, Aligned reads: 6,567 100
ERROR	2015-04-09 11:27:57	ProcessExecutor	There were 33 warnings (use warnings() to see them)
INFO	2015-04-09 11:27:57	ProcessExecutor	null device 
INFO	2015-04-09 11:27:57	ProcessExecutor	          1 
[Thu Apr 09 11:27:57 EDT 2015] picard.analysis.CollectGcBiasMetrics done. Elapsed time: 1.61 minutes.
Runtime.totalMemory()=5001248768
