[Thu Jun 04 15:30:40 EDT 2015] picard.analysis.CollectGcBiasMetrics REFERENCE_SEQUENCE=/data/srlab/external-data/iGenomes/Homo_sapiens/UCSC/hg19/Sequence/WholeGenomeFasta/genome.fa INPUT=/tmp/picardmetrics_ks38_15663/sample1.bam OUTPUT=sample1.gc_bias_histogram CHART_OUTPUT=sample1.gc_bias_histogram.pdf SUMMARY_OUTPUT=sample1.gc_bias_metrics VALIDATION_STRINGENCY=LENIENT    WINDOW_SIZE=100 MINIMUM_GENOME_FRACTION=1.0E-5 ASSUME_SORTED=false IS_BISULFITE_SEQUENCED=false VERBOSITY=INFO QUIET=false COMPRESSION_LEVEL=5 MAX_RECORDS_IN_RAM=500000 CREATE_INDEX=false CREATE_MD5_FILE=false
[Thu Jun 04 15:30:40 EDT 2015] Executing as ks38@eris1n2.research.partners.org on Linux 2.6.32-431.29.2.el6.x86_64 amd64; Java HotSpot(TM) 64-Bit Server VM 1.6.0_35-b10; Picard version: 1.126(4691ee611ac205d4afe2a1b7a2ea975a6f997426_1417447214) IntelDeflater
INFO	2015-06-04 15:30:40	CollectGcBiasMetrics	Processed reference sequence: chrM
INFO	2015-06-04 15:30:44	CollectGcBiasMetrics	Processed reference sequence: chr1
INFO	2015-06-04 15:30:48	CollectGcBiasMetrics	Processed reference sequence: chr2
INFO	2015-06-04 15:30:51	CollectGcBiasMetrics	Processed reference sequence: chr3
INFO	2015-06-04 15:30:54	CollectGcBiasMetrics	Processed reference sequence: chr4
INFO	2015-06-04 15:30:57	CollectGcBiasMetrics	Processed reference sequence: chr5
INFO	2015-06-04 15:31:00	CollectGcBiasMetrics	Processed reference sequence: chr6
INFO	2015-06-04 15:31:02	CollectGcBiasMetrics	Processed reference sequence: chr7
INFO	2015-06-04 15:31:05	CollectGcBiasMetrics	Processed reference sequence: chr8
INFO	2015-06-04 15:31:07	CollectGcBiasMetrics	Processed reference sequence: chr9
INFO	2015-06-04 15:31:09	CollectGcBiasMetrics	Processed reference sequence: chr10
INFO	2015-06-04 15:31:11	CollectGcBiasMetrics	Processed reference sequence: chr11
INFO	2015-06-04 15:31:13	CollectGcBiasMetrics	Processed reference sequence: chr12
INFO	2015-06-04 15:31:15	CollectGcBiasMetrics	Processed reference sequence: chr13
INFO	2015-06-04 15:31:16	CollectGcBiasMetrics	Processed reference sequence: chr14
INFO	2015-06-04 15:31:18	CollectGcBiasMetrics	Processed reference sequence: chr15
INFO	2015-06-04 15:31:19	CollectGcBiasMetrics	Processed reference sequence: chr16
INFO	2015-06-04 15:31:20	CollectGcBiasMetrics	Processed reference sequence: chr17
INFO	2015-06-04 15:31:22	CollectGcBiasMetrics	Processed reference sequence: chr18
INFO	2015-06-04 15:31:23	CollectGcBiasMetrics	Processed reference sequence: chr19
INFO	2015-06-04 15:31:24	CollectGcBiasMetrics	Processed reference sequence: chr20
INFO	2015-06-04 15:31:24	CollectGcBiasMetrics	Processed reference sequence: chr21
INFO	2015-06-04 15:31:25	CollectGcBiasMetrics	Processed reference sequence: chr22
INFO	2015-06-04 15:31:27	CollectGcBiasMetrics	Processed reference sequence: chrX
INFO	2015-06-04 15:31:28	CollectGcBiasMetrics	Processed reference sequence: chrY
INFO	2015-06-04 15:31:28	RExecutor	Executing R script via command: Rscript /tmp/ks38/script7685602122804758721.R /data/srlab/slowikow/src/picardmetrics/out/rnaseq/sample1.gc_bias_histogram /data/srlab/slowikow/src/picardmetrics/out/rnaseq/sample1.gc_bias_histogram.pdf sample1.bam Total clusters: 4,966, Aligned reads: 6,936 100
ERROR	2015-06-04 15:31:28	ProcessExecutor	There were 37 warnings (use warnings() to see them)
INFO	2015-06-04 15:31:28	ProcessExecutor	null device 
INFO	2015-06-04 15:31:28	ProcessExecutor	          1 
[Thu Jun 04 15:31:28 EDT 2015] picard.analysis.CollectGcBiasMetrics done. Elapsed time: 0.80 minutes.
Runtime.totalMemory()=5145034752
