[Mon Mar 16 09:51:31 EDT 2015] picard.analysis.CollectGcBiasMetrics REFERENCE_SEQUENCE=/dev/shm/slowikow/hg19.genome.fa INPUT=sample1.sorted.bam OUTPUT=sample1.sorted.gc_bias_metrics CHART_OUTPUT=sample1.sorted.gc_bias_metrics.pdf SUMMARY_OUTPUT=sample1.sorted.gc_bias_metrics_summary VALIDATION_STRINGENCY=LENIENT    WINDOW_SIZE=100 MINIMUM_GENOME_FRACTION=1.0E-5 ASSUME_SORTED=false IS_BISULFITE_SEQUENCED=false VERBOSITY=INFO QUIET=false COMPRESSION_LEVEL=5 MAX_RECORDS_IN_RAM=500000 CREATE_INDEX=false CREATE_MD5_FILE=false
[Mon Mar 16 09:51:31 EDT 2015] Executing as slowikow@lorax on Linux 2.6.18-194.8.1.el5 amd64; Java HotSpot(TM) 64-Bit Server VM 1.6.0_35-b10; Picard version: 1.126(4691ee611ac205d4afe2a1b7a2ea975a6f997426_1417447214) IntelDeflater
INFO	2015-03-16 09:51:31	CollectGcBiasMetrics	Processed reference sequence: chrM
INFO	2015-03-16 09:51:38	CollectGcBiasMetrics	Processed reference sequence: chr1
INFO	2015-03-16 09:51:45	CollectGcBiasMetrics	Processed reference sequence: chr2
INFO	2015-03-16 09:51:51	CollectGcBiasMetrics	Processed reference sequence: chr3
INFO	2015-03-16 09:51:56	CollectGcBiasMetrics	Processed reference sequence: chr4
INFO	2015-03-16 09:52:01	CollectGcBiasMetrics	Processed reference sequence: chr5
INFO	2015-03-16 09:52:06	CollectGcBiasMetrics	Processed reference sequence: chr6
INFO	2015-03-16 09:52:11	CollectGcBiasMetrics	Processed reference sequence: chr7
INFO	2015-03-16 09:52:15	CollectGcBiasMetrics	Processed reference sequence: chr8
INFO	2015-03-16 09:52:19	CollectGcBiasMetrics	Processed reference sequence: chr9
INFO	2015-03-16 09:52:22	CollectGcBiasMetrics	Processed reference sequence: chr10
INFO	2015-03-16 09:52:26	CollectGcBiasMetrics	Processed reference sequence: chr11
INFO	2015-03-16 09:52:30	CollectGcBiasMetrics	Processed reference sequence: chr12
INFO	2015-03-16 09:52:33	CollectGcBiasMetrics	Processed reference sequence: chr13
INFO	2015-03-16 09:52:36	CollectGcBiasMetrics	Processed reference sequence: chr14
INFO	2015-03-16 09:52:38	CollectGcBiasMetrics	Processed reference sequence: chr15
INFO	2015-03-16 09:52:41	CollectGcBiasMetrics	Processed reference sequence: chr16
INFO	2015-03-16 09:52:43	CollectGcBiasMetrics	Processed reference sequence: chr17
INFO	2015-03-16 09:52:45	CollectGcBiasMetrics	Processed reference sequence: chr18
INFO	2015-03-16 09:52:47	CollectGcBiasMetrics	Processed reference sequence: chr19
INFO	2015-03-16 09:52:49	CollectGcBiasMetrics	Processed reference sequence: chr20
INFO	2015-03-16 09:52:50	CollectGcBiasMetrics	Processed reference sequence: chr21
INFO	2015-03-16 09:52:51	CollectGcBiasMetrics	Processed reference sequence: chr22
INFO	2015-03-16 09:52:55	CollectGcBiasMetrics	Processed reference sequence: chrX
INFO	2015-03-16 09:52:57	CollectGcBiasMetrics	Processed reference sequence: chrY
INFO	2015-03-16 09:52:57	RExecutor	Executing R script via command: Rscript /tmp/slowikow/script7267229459113655446.R /medpop/srlab/slowikow/work/picardmetrics/data/project1/sample1/sample1.sorted.gc_bias_metrics /medpop/srlab/slowikow/work/picardmetrics/data/project1/sample1/sample1.sorted.gc_bias_metrics.pdf sample1.sorted.bam Total clusters: 4,966, Aligned reads: 6,936 100
ERROR	2015-03-16 09:52:57	ProcessExecutor	Bioconductor version 3.0 (BiocInstaller 1.16.1), ?biocLite for help
ERROR	2015-03-16 09:52:57	ProcessExecutor	There were 37 warnings (use warnings() to see them)
INFO	2015-03-16 09:52:57	ProcessExecutor	null device 
INFO	2015-03-16 09:52:57	ProcessExecutor	          1 
[Mon Mar 16 09:52:57 EDT 2015] picard.analysis.CollectGcBiasMetrics done. Elapsed time: 1.45 minutes.
Runtime.totalMemory()=5001117696
